<?xml version="1.0" encoding="UTF-8"?>
<testng-results ignored="0" total="1" passed="1" failed="0" skipped="0">
  <reporter-output>
  </reporter-output>
  <suite started-at="2020-10-15T14:04:33 IST" name="Command line suite" finished-at="2020-10-15T14:05:00 IST" duration-ms="27451">
    <groups>
    </groups>
    <test started-at="2020-10-15T14:04:33 IST" name="Command line test" finished-at="2020-10-15T14:05:00 IST" duration-ms="27451">
      <class name="com.pipe.First">
        <test-method signature="getTest()[pri:0, instance:com.pipe.First@57fffcd7]" started-at="2020-10-15T14:04:33 IST" name="getTest" finished-at="2020-10-15T14:05:00 IST" duration-ms="27312" status="PASS">
          <reporter-output>
          </reporter-output>
        </test-method> <!-- getTest -->
      </class> <!-- com.pipe.First -->
    </test> <!-- Command line test -->
  </suite> <!-- Command line suite -->
</testng-results>
